<?xml version="1.0" encoding="UTF-8"?>
<testng-results skipped="0" failed="0" ignored="0" total="2" passed="2">
  <reporter-output>
  </reporter-output>
  <suite name="Default suite" duration-ms="9010" started-at="2022-01-27T12:56:45Z" finished-at="2022-01-27T12:56:54Z">
    <groups>
    </groups>
    <test name="Default test" duration-ms="9010" started-at="2022-01-27T12:56:45Z" finished-at="2022-01-27T12:56:54Z">
      <class name="selenium.test.PractoLogin">
        <test-method status="PASS" signature="beforeClass()[pri:0, instance:selenium.test.PractoLogin@1a0dcaa]" name="beforeClass" is-config="true" duration-ms="1572" started-at="2022-01-27T12:56:45Z" finished-at="2022-01-27T12:56:47Z">
          <reporter-output>
          </reporter-output>
        </test-method> <!-- beforeClass -->
        <test-method status="PASS" signature="setUpMethod()[pri:0, instance:selenium.test.PractoLogin@1a0dcaa]" name="setUpMethod" is-config="true" duration-ms="3746" started-at="2022-01-27T12:56:47Z" finished-at="2022-01-27T12:56:51Z">
          <reporter-output>
          </reporter-output>
        </test-method> <!-- setUpMethod -->
        <test-method status="PASS" signature="loginAndValidateError()[pri:0, instance:selenium.test.PractoLogin@1a0dcaa]" name="loginAndValidateError" duration-ms="1139" started-at="2022-01-27T12:56:51Z" finished-at="2022-01-27T12:56:52Z">
          <reporter-output>
          </reporter-output>
        </test-method> <!-- loginAndValidateError -->
        <test-method status="PASS" signature="setUpMethod()[pri:0, instance:selenium.test.PractoLogin@1a0dcaa]" name="setUpMethod" is-config="true" duration-ms="1643" started-at="2022-01-27T12:56:52Z" finished-at="2022-01-27T12:56:54Z">
          <reporter-output>
          </reporter-output>
        </test-method> <!-- setUpMethod -->
        <test-method status="PASS" signature="registerAndValidate()[pri:0, instance:selenium.test.PractoLogin@1a0dcaa]" name="registerAndValidate" duration-ms="884" started-at="2022-01-27T12:56:54Z" finished-at="2022-01-27T12:56:54Z">
          <reporter-output>
          </reporter-output>
        </test-method> <!-- registerAndValidate -->
      </class> <!-- selenium.test.PractoLogin -->
    </test> <!-- Default test -->
  </suite> <!-- Default suite -->
</testng-results>
